

Started GET "/" for 127.0.0.1 at 2014-10-01 15:04:43 -0400

ActiveRecord::NoDatabaseError (FATAL:  database "todo_development" does not exist
Run `$ bin/rake db:create db:migrate` to create your database):
  activerecord (4.1.6) lib/active_record/connection_adapters/postgresql_adapter.rb:898:in `rescue in connect'
  activerecord (4.1.6) lib/active_record/connection_adapters/postgresql_adapter.rb:888:in `connect'
  activerecord (4.1.6) lib/active_record/connection_adapters/postgresql_adapter.rb:568:in `initialize'
  activerecord (4.1.6) lib/active_record/connection_adapters/postgresql_adapter.rb:41:in `new'
  activerecord (4.1.6) lib/active_record/connection_adapters/postgresql_adapter.rb:41:in `postgresql_connection'
  activerecord (4.1.6) lib/active_record/connection_adapters/abstract/connection_pool.rb:435:in `new_connection'
  activerecord (4.1.6) lib/active_record/connection_adapters/abstract/connection_pool.rb:445:in `checkout_new_connection'
  activerecord (4.1.6) lib/active_record/connection_adapters/abstract/connection_pool.rb:416:in `acquire_connection'
  activerecord (4.1.6) lib/active_record/connection_adapters/abstract/connection_pool.rb:351:in `block in checkout'
  /Users/jeffquigley/.rbenv/versions/2.1.2/lib/ruby/2.1.0/monitor.rb:211:in `mon_synchronize'
  activerecord (4.1.6) lib/active_record/connection_adapters/abstract/connection_pool.rb:350:in `checkout'
  activerecord (4.1.6) lib/active_record/connection_adapters/abstract/connection_pool.rb:265:in `block in connection'
  /Users/jeffquigley/.rbenv/versions/2.1.2/lib/ruby/2.1.0/monitor.rb:211:in `mon_synchronize'
  activerecord (4.1.6) lib/active_record/connection_adapters/abstract/connection_pool.rb:264:in `connection'
  activerecord (4.1.6) lib/active_record/connection_adapters/abstract/connection_pool.rb:541:in `retrieve_connection'
  activerecord (4.1.6) lib/active_record/connection_handling.rb:113:in `retrieve_connection'
  activerecord (4.1.6) lib/active_record/connection_handling.rb:87:in `connection'
  activerecord (4.1.6) lib/active_record/query_cache.rb:51:in `restore_query_cache_settings'
  activerecord (4.1.6) lib/active_record/query_cache.rb:43:in `rescue in call'
  activerecord (4.1.6) lib/active_record/query_cache.rb:32:in `call'
  activerecord (4.1.6) lib/active_record/connection_adapters/abstract/connection_pool.rb:621:in `call'
  activerecord (4.1.6) lib/active_record/migration.rb:380:in `call'
  actionpack (4.1.6) lib/action_dispatch/middleware/callbacks.rb:29:in `block in call'
  activesupport (4.1.6) lib/active_support/callbacks.rb:82:in `run_callbacks'
  actionpack (4.1.6) lib/action_dispatch/middleware/callbacks.rb:27:in `call'
  actionpack (4.1.6) lib/action_dispatch/middleware/reloader.rb:73:in `call'
  actionpack (4.1.6) lib/action_dispatch/middleware/remote_ip.rb:76:in `call'
  actionpack (4.1.6) lib/action_dispatch/middleware/debug_exceptions.rb:17:in `call'
  actionpack (4.1.6) lib/action_dispatch/middleware/show_exceptions.rb:30:in `call'
  railties (4.1.6) lib/rails/rack/logger.rb:38:in `call_app'
  railties (4.1.6) lib/rails/rack/logger.rb:20:in `block in call'
  activesupport (4.1.6) lib/active_support/tagged_logging.rb:68:in `block in tagged'
  activesupport (4.1.6) lib/active_support/tagged_logging.rb:26:in `tagged'
  activesupport (4.1.6) lib/active_support/tagged_logging.rb:68:in `tagged'
  railties (4.1.6) lib/rails/rack/logger.rb:20:in `call'
  actionpack (4.1.6) lib/action_dispatch/middleware/request_id.rb:21:in `call'
  rack (1.5.2) lib/rack/methodoverride.rb:21:in `call'
  rack (1.5.2) lib/rack/runtime.rb:17:in `call'
  activesupport (4.1.6) lib/active_support/cache/strategy/local_cache_middleware.rb:26:in `call'
  rack (1.5.2) lib/rack/lock.rb:17:in `call'
  actionpack (4.1.6) lib/action_dispatch/middleware/static.rb:64:in `call'
  rack (1.5.2) lib/rack/sendfile.rb:112:in `call'
  railties (4.1.6) lib/rails/engine.rb:514:in `call'
  railties (4.1.6) lib/rails/application.rb:144:in `call'
  rack (1.5.2) lib/rack/lock.rb:17:in `call'
  rack (1.5.2) lib/rack/content_length.rb:14:in `call'
  rack (1.5.2) lib/rack/handler/webrick.rb:60:in `service'
  /Users/jeffquigley/.rbenv/versions/2.1.2/lib/ruby/2.1.0/webrick/httpserver.rb:138:in `service'
  /Users/jeffquigley/.rbenv/versions/2.1.2/lib/ruby/2.1.0/webrick/httpserver.rb:94:in `run'
  /Users/jeffquigley/.rbenv/versions/2.1.2/lib/ruby/2.1.0/webrick/server.rb:295:in `block in start_thread'


  Rendered /Users/jeffquigley/.rbenv/versions/2.1.2/lib/ruby/gems/2.1.0/gems/actionpack-4.1.6/lib/action_dispatch/middleware/templates/rescues/_source.erb (0.9ms)
  Rendered /Users/jeffquigley/.rbenv/versions/2.1.2/lib/ruby/gems/2.1.0/gems/actionpack-4.1.6/lib/action_dispatch/middleware/templates/rescues/_trace.html.erb (1.1ms)
  Rendered /Users/jeffquigley/.rbenv/versions/2.1.2/lib/ruby/gems/2.1.0/gems/actionpack-4.1.6/lib/action_dispatch/middleware/templates/rescues/_request_and_response.html.erb (1.6ms)
  Rendered /Users/jeffquigley/.rbenv/versions/2.1.2/lib/ruby/gems/2.1.0/gems/actionpack-4.1.6/lib/action_dispatch/middleware/templates/rescues/diagnostics.erb within rescues/layout (25.1ms)
  [1m[36m (417.6ms)[0m  [1mCREATE DATABASE "todo_development" ENCODING = 'utf8'[0m
  [1m[35m (27.2ms)[0m  CREATE TABLE "schema_migrations" ("version" character varying(255) NOT NULL) 
  [1m[36m (2.3ms)[0m  [1mCREATE UNIQUE INDEX  "unique_schema_migrations" ON "schema_migrations"  ("version")[0m
  [1m[35mActiveRecord::SchemaMigration Load (0.5ms)[0m  SELECT "schema_migrations".* FROM "schema_migrations"


Started GET "/" for 127.0.0.1 at 2014-10-01 15:22:19 -0400
Processing by Rails::WelcomeController#index as HTML
  Rendered /Users/jeffquigley/.rbenv/versions/2.1.2/lib/ruby/gems/2.1.0/gems/railties-4.1.6/lib/rails/templates/rails/welcome/index.html.erb (2.5ms)
Completed 200 OK in 23ms (Views: 12.5ms | ActiveRecord: 0.0ms)


Started GET "/" for 127.0.0.1 at 2014-10-06 10:58:09 -0400
Processing by Rails::WelcomeController#index as HTML
  Rendered /Users/jeffquigley/.rbenv/versions/2.1.2/lib/ruby/gems/2.1.0/gems/railties-4.1.6/lib/rails/templates/rails/welcome/index.html.erb (2.9ms)
Completed 200 OK in 23ms (Views: 12.8ms | ActiveRecord: 0.0ms)
  [1m[36m (1.4ms)[0m  [1mCREATE DATABASE "todo_development" ENCODING = 'utf8'[0m
PG::DuplicateDatabase: ERROR:  database "todo_development" already exists
: CREATE DATABASE "todo_development" ENCODING = 'utf8'
  [1m[35mActiveRecord::SchemaMigration Load (0.8ms)[0m  SELECT "schema_migrations".* FROM "schema_migrations"


Started GET "/" for 127.0.0.1 at 2014-10-06 12:12:02 -0400
Processing by Rails::WelcomeController#index as HTML
  Rendered /Users/jeffquigley/.rbenv/versions/2.1.2/lib/ruby/gems/2.1.0/gems/railties-4.1.6/lib/rails/templates/rails/welcome/index.html.erb (1.5ms)
Completed 200 OK in 16ms (Views: 6.4ms | ActiveRecord: 0.0ms)


Started GET "/home" for 127.0.0.1 at 2014-10-06 12:12:15 -0400
Processing by StaticPagesController#home as HTML
  Rendered static_pages/home.html.erb within layouts/application (0.3ms)
Completed 200 OK in 419ms (Views: 418.9ms | ActiveRecord: 0.0ms)


Started GET "/assets/jquery.js?body=1" for 127.0.0.1 at 2014-10-06 12:12:16 -0400


Started GET "/assets/jquery_ujs.js?body=1" for 127.0.0.1 at 2014-10-06 12:12:16 -0400


Started GET "/assets/turbolinks.js?body=1" for 127.0.0.1 at 2014-10-06 12:12:16 -0400


Started GET "/assets/application.css?body=1" for 127.0.0.1 at 2014-10-06 12:12:16 -0400


Started GET "/assets/application.js?body=1" for 127.0.0.1 at 2014-10-06 12:12:16 -0400


Started GET "/" for 127.0.0.1 at 2014-10-06 12:12:26 -0400
Processing by Rails::WelcomeController#index as HTML
  Rendered /Users/jeffquigley/.rbenv/versions/2.1.2/lib/ruby/gems/2.1.0/gems/railties-4.1.6/lib/rails/templates/rails/welcome/index.html.erb (0.1ms)
Completed 200 OK in 2ms (Views: 1.0ms | ActiveRecord: 0.0ms)


Started GET "/home" for 127.0.0.1 at 2014-10-06 12:13:02 -0400
Processing by StaticPagesController#home as HTML
  Rendered static_pages/home.html.erb within layouts/application (0.1ms)
Completed 200 OK in 24ms (Views: 23.1ms | ActiveRecord: 0.0ms)


Started GET "/assets/application.css?body=1" for 127.0.0.1 at 2014-10-06 12:13:02 -0400


Started GET "/assets/turbolinks.js?body=1" for 127.0.0.1 at 2014-10-06 12:13:02 -0400


Started GET "/assets/application.js?body=1" for 127.0.0.1 at 2014-10-06 12:13:02 -0400


Started GET "/assets/jquery.js?body=1" for 127.0.0.1 at 2014-10-06 12:13:02 -0400


Started GET "/assets/jquery_ujs.js?body=1" for 127.0.0.1 at 2014-10-06 12:13:02 -0400


Started GET "/home" for 127.0.0.1 at 2014-10-06 12:13:06 -0400
Processing by StaticPagesController#home as HTML
  Rendered static_pages/home.html.erb within layouts/application (0.1ms)
Completed 200 OK in 24ms (Views: 22.9ms | ActiveRecord: 0.0ms)


Started GET "/assets/application.css?body=1" for 127.0.0.1 at 2014-10-06 12:13:06 -0400


Started GET "/assets/turbolinks.js?body=1" for 127.0.0.1 at 2014-10-06 12:13:06 -0400


Started GET "/assets/jquery_ujs.js?body=1" for 127.0.0.1 at 2014-10-06 12:13:06 -0400


Started GET "/assets/jquery.js?body=1" for 127.0.0.1 at 2014-10-06 12:13:06 -0400


Started GET "/assets/application.js?body=1" for 127.0.0.1 at 2014-10-06 12:13:06 -0400


Started GET "/home" for 127.0.0.1 at 2014-10-06 12:13:48 -0400
Processing by StaticPagesController#home as HTML
  Rendered static_pages/home.html.erb within layouts/application (0.1ms)
Completed 200 OK in 22ms (Views: 21.3ms | ActiveRecord: 0.0ms)


Started GET "/assets/application.css?body=1" for 127.0.0.1 at 2014-10-06 12:13:48 -0400


Started GET "/assets/jquery.js?body=1" for 127.0.0.1 at 2014-10-06 12:13:48 -0400


Started GET "/assets/turbolinks.js?body=1" for 127.0.0.1 at 2014-10-06 12:13:48 -0400


Started GET "/assets/jquery_ujs.js?body=1" for 127.0.0.1 at 2014-10-06 12:13:48 -0400


Started GET "/assets/application.js?body=1" for 127.0.0.1 at 2014-10-06 12:13:48 -0400


Started GET "/home" for 127.0.0.1 at 2014-10-06 12:16:12 -0400
Processing by StaticPagesController#home as HTML
  Rendered static_pages/home.html.erb within layouts/application (0.3ms)
Completed 200 OK in 22ms (Views: 22.0ms | ActiveRecord: 0.0ms)


Started GET "/assets/jquery.js?body=1" for 127.0.0.1 at 2014-10-06 12:16:12 -0400


Started GET "/assets/jquery_ujs.js?body=1" for 127.0.0.1 at 2014-10-06 12:16:12 -0400


Started GET "/assets/turbolinks.js?body=1" for 127.0.0.1 at 2014-10-06 12:16:12 -0400


Started GET "/assets/application.js?body=1" for 127.0.0.1 at 2014-10-06 12:16:12 -0400


Started GET "/assets/application.css?body=1" for 127.0.0.1 at 2014-10-06 12:16:12 -0400


Started GET "/home" for 127.0.0.1 at 2014-10-06 14:43:15 -0400
Processing by StaticPagesController#home as HTML
  Rendered static_pages/home.html.erb within layouts/application (1.2ms)
Completed 200 OK in 76ms (Views: 67.0ms | ActiveRecord: 0.0ms)


Started GET "/assets/jquery.js?body=1" for 127.0.0.1 at 2014-10-06 14:43:15 -0400


Started GET "/assets/jquery_ujs.js?body=1" for 127.0.0.1 at 2014-10-06 14:43:15 -0400


Started GET "/assets/turbolinks.js?body=1" for 127.0.0.1 at 2014-10-06 14:43:15 -0400


Started GET "/assets/application.js?body=1" for 127.0.0.1 at 2014-10-06 14:43:15 -0400


Started GET "/assets/application.css?body=1" for 127.0.0.1 at 2014-10-06 14:43:15 -0400


Started GET "/home" for 127.0.0.1 at 2014-10-06 14:43:22 -0400
Processing by StaticPagesController#home as HTML
  Rendered static_pages/home.html.erb within layouts/application (0.0ms)
Completed 200 OK in 22ms (Views: 21.0ms | ActiveRecord: 0.0ms)


Started GET "/assets/turbolinks.js?body=1" for 127.0.0.1 at 2014-10-06 14:43:22 -0400


Started GET "/assets/jquery.js?body=1" for 127.0.0.1 at 2014-10-06 14:43:22 -0400


Started GET "/assets/jquery_ujs.js?body=1" for 127.0.0.1 at 2014-10-06 14:43:22 -0400


Started GET "/assets/application.css?body=1" for 127.0.0.1 at 2014-10-06 14:43:22 -0400


Started GET "/assets/application.js?body=1" for 127.0.0.1 at 2014-10-06 14:43:22 -0400


Started GET "/home" for 127.0.0.1 at 2014-10-06 14:54:46 -0400
Processing by StaticPagesController#home as HTML
  Rendered static_pages/home.html.erb within layouts/application (0.4ms)
Completed 200 OK in 25ms (Views: 24.6ms | ActiveRecord: 0.0ms)


Started GET "/assets/application.css?body=1" for 127.0.0.1 at 2014-10-06 14:54:46 -0400


Started GET "/assets/application.js?body=1" for 127.0.0.1 at 2014-10-06 14:54:46 -0400


Started GET "/assets/turbolinks.js?body=1" for 127.0.0.1 at 2014-10-06 14:54:46 -0400


Started GET "/assets/jquery.js?body=1" for 127.0.0.1 at 2014-10-06 14:54:46 -0400


Started GET "/assets/jquery_ujs.js?body=1" for 127.0.0.1 at 2014-10-06 14:54:46 -0400


Started GET "/about" for 127.0.0.1 at 2014-10-06 15:12:00 -0400
Processing by StaticPagesController#about as HTML
  Rendered static_pages/about.html.erb within layouts/application (0.6ms)
Completed 200 OK in 24ms (Views: 23.5ms | ActiveRecord: 0.0ms)


Started GET "/assets/application.css?body=1" for 127.0.0.1 at 2014-10-06 15:12:00 -0400


Started GET "/assets/jquery.js?body=1" for 127.0.0.1 at 2014-10-06 15:12:00 -0400


Started GET "/assets/turbolinks.js?body=1" for 127.0.0.1 at 2014-10-06 15:12:00 -0400


Started GET "/assets/application.js?body=1" for 127.0.0.1 at 2014-10-06 15:12:00 -0400


Started GET "/assets/jquery_ujs.js?body=1" for 127.0.0.1 at 2014-10-06 15:12:00 -0400


Started GET "/help" for 127.0.0.1 at 2014-10-06 15:12:08 -0400
Processing by StaticPagesController#help as HTML
  Rendered static_pages/help.html.erb within layouts/application (0.4ms)
Completed 200 OK in 25ms (Views: 24.1ms | ActiveRecord: 0.0ms)


Started GET "/assets/application.css?body=1" for 127.0.0.1 at 2014-10-06 15:12:08 -0400


Started GET "/assets/application.js?body=1" for 127.0.0.1 at 2014-10-06 15:12:08 -0400


Started GET "/assets/turbolinks.js?body=1" for 127.0.0.1 at 2014-10-06 15:12:08 -0400


Started GET "/assets/jquery.js?body=1" for 127.0.0.1 at 2014-10-06 15:12:08 -0400


Started GET "/assets/jquery_ujs.js?body=1" for 127.0.0.1 at 2014-10-06 15:12:08 -0400
  [1m[36mActiveRecord::SchemaMigration Load (0.7ms)[0m  [1mSELECT "schema_migrations".* FROM "schema_migrations"[0m
Migrating to CreateTasks (20141006194358)
  [1m[35m (0.2ms)[0m  BEGIN
  [1m[36m (31.8ms)[0m  [1mCREATE TABLE "tasks" ("id" serial primary key, "title" character varying(255), "created_at" timestamp, "updated_at" timestamp) [0m
  [1m[35mSQL (6.8ms)[0m  INSERT INTO "schema_migrations" ("version") VALUES ($1)  [["version", "20141006194358"]]
  [1m[36m (5.6ms)[0m  [1mCOMMIT[0m
  [1m[35mActiveRecord::SchemaMigration Load (0.3ms)[0m  SELECT "schema_migrations".* FROM "schema_migrations"
  [1m[36mActiveRecord::SchemaMigration Load (0.7ms)[0m  [1mSELECT "schema_migrations".* FROM "schema_migrations"[0m
Migrating to AddCompletedToTasks (20141007141058)
  [1m[35m (0.3ms)[0m  BEGIN
  [1m[36m (32.5ms)[0m  [1mALTER TABLE "tasks" ADD COLUMN "completed" boolean DEFAULT 'f'[0m
  [1m[35mSQL (0.5ms)[0m  INSERT INTO "schema_migrations" ("version") VALUES ($1)  [["version", "20141007141058"]]
  [1m[36m (1.4ms)[0m  [1mCOMMIT[0m
  [1m[35mActiveRecord::SchemaMigration Load (0.3ms)[0m  SELECT "schema_migrations".* FROM "schema_migrations"
  [1m[36m (0.2ms)[0m  [1mBEGIN[0m
  [1m[35m (0.4ms)[0m  ROLLBACK
  [1m[36m (0.2ms)[0m  [1mBEGIN[0m
  [1m[35mTask Load (8.5ms)[0m  SELECT "tasks".* FROM "tasks"
  [1m[36m (0.3ms)[0m  [1mSAVEPOINT active_record_1[0m
  [1m[35mSQL (10.2ms)[0m  INSERT INTO "tasks" ("created_at", "title", "updated_at") VALUES ($1, $2, $3) RETURNING "id"  [["created_at", "2014-10-07 15:09:08.322161"], ["title", "Walk the dog"], ["updated_at", "2014-10-07 15:09:08.322161"]]
  [1m[36m (0.3ms)[0m  [1mRELEASE SAVEPOINT active_record_1[0m
  [1m[35mTask Load (0.6ms)[0m  SELECT "tasks".* FROM "tasks"
  [1m[36m (0.2ms)[0m  [1mSAVEPOINT active_record_1[0m
  [1m[35mSQL (0.5ms)[0m  INSERT INTO "tasks" ("created_at", "title", "updated_at") VALUES ($1, $2, $3) RETURNING "id"  [["created_at", "2014-10-07 15:09:49.373565"], ["title", "Take the trash out"], ["updated_at", "2014-10-07 15:09:49.373565"]]
  [1m[36m (0.2ms)[0m  [1mRELEASE SAVEPOINT active_record_1[0m
  [1m[35mTask Load (0.5ms)[0m  SELECT "tasks".* FROM "tasks"
  [1m[36m (0.4ms)[0m  [1mROLLBACK[0m
  [1m[36m (0.2ms)[0m  [1mBEGIN[0m
  [1m[35mTask Load (0.7ms)[0m  SELECT "tasks".* FROM "tasks"
  [1m[36mTask Load (0.4ms)[0m  [1mSELECT "tasks".* FROM "tasks"[0m
  [1m[35m (0.3ms)[0m  SAVEPOINT active_record_1
  [1m[36mSQL (0.7ms)[0m  [1mINSERT INTO "tasks" ("created_at", "title", "updated_at") VALUES ($1, $2, $3) RETURNING "id"[0m  [["created_at", "2014-10-07 15:16:01.567685"], ["title", "Something longer"], ["updated_at", "2014-10-07 15:16:01.567685"]]
  [1m[35m (0.3ms)[0m  RELEASE SAVEPOINT active_record_1
  [1m[36m (0.5ms)[0m  [1mROLLBACK[0m
  [1m[36m (0.3ms)[0m  [1mBEGIN[0m
  [1m[35mSQL (0.6ms)[0m  INSERT INTO "tasks" ("created_at", "title", "updated_at") VALUES ($1, $2, $3) RETURNING "id"  [["created_at", "2014-10-07 15:19:18.070359"], ["title", "Walk the dog"], ["updated_at", "2014-10-07 15:19:18.070359"]]
  [1m[36m (8.7ms)[0m  [1mCOMMIT[0m
  [1m[35mTask Load (0.8ms)[0m  SELECT "tasks".* FROM "tasks"
  [1m[36m (0.2ms)[0m  [1mBEGIN[0m
  [1m[35m (0.3ms)[0m  ROLLBACK
  [1m[36mActiveRecord::SchemaMigration Load (0.6ms)[0m  [1mSELECT "schema_migrations".* FROM "schema_migrations"[0m
Migrating to AddPriorityToTasks (20141007161243)
  [1m[36mActiveRecord::SchemaMigration Load (0.6ms)[0m  [1mSELECT "schema_migrations".* FROM "schema_migrations"[0m
Migrating to AddPriorityToTasks (20141007161243)
  [1m[36mActiveRecord::SchemaMigration Load (0.5ms)[0m  [1mSELECT "schema_migrations".* FROM "schema_migrations"[0m
Migrating to AddPriorityToTasks (20141007161243)
  [1m[36mActiveRecord::SchemaMigration Load (0.5ms)[0m  [1mSELECT "schema_migrations".* FROM "schema_migrations"[0m
Migrating to AddPriorityToTasks (20141007161243)
  [1m[35m (0.2ms)[0m  BEGIN
  [1m[36m (0.3ms)[0m  [1mROLLBACK[0m
  [1m[36mActiveRecord::SchemaMigration Load (0.5ms)[0m  [1mSELECT "schema_migrations".* FROM "schema_migrations"[0m
Migrating to AddPriorityToTasks (20141007161243)
  [1m[36mActiveRecord::SchemaMigration Load (0.5ms)[0m  [1mSELECT "schema_migrations".* FROM "schema_migrations"[0m
Migrating to AddPriorityToTasks (20141007161243)
  [1m[35m (0.3ms)[0m  BEGIN
  [1m[36m (0.9ms)[0m  [1mALTER TABLE "tasks" ADD COLUMN "priority" integer[0m
  [1m[35mSQL (0.4ms)[0m  INSERT INTO "schema_migrations" ("version") VALUES ($1)  [["version", "20141007161243"]]
  [1m[36m (8.7ms)[0m  [1mCOMMIT[0m
  [1m[35mActiveRecord::SchemaMigration Load (0.3ms)[0m  SELECT "schema_migrations".* FROM "schema_migrations"
  [1m[36mActiveRecord::SchemaMigration Load (0.5ms)[0m  [1mSELECT "schema_migrations".* FROM "schema_migrations"[0m
  [1m[35mActiveRecord::SchemaMigration Load (0.4ms)[0m  SELECT "schema_migrations".* FROM "schema_migrations"
  [1m[36mActiveRecord::SchemaMigration Load (0.5ms)[0m  [1mSELECT "schema_migrations".* FROM "schema_migrations"[0m
  [1m[35mActiveRecord::SchemaMigration Load (0.3ms)[0m  SELECT "schema_migrations".* FROM "schema_migrations"


Started GET "/5" for 127.0.0.1 at 2014-10-08 14:30:21 -0400
  [1m[36mActiveRecord::SchemaMigration Load (0.6ms)[0m  [1mSELECT "schema_migrations".* FROM "schema_migrations"[0m

ActionController::RoutingError (No route matches [GET] "/5"):
  actionpack (4.1.6) lib/action_dispatch/middleware/debug_exceptions.rb:21:in `call'
  actionpack (4.1.6) lib/action_dispatch/middleware/show_exceptions.rb:30:in `call'
  railties (4.1.6) lib/rails/rack/logger.rb:38:in `call_app'
  railties (4.1.6) lib/rails/rack/logger.rb:20:in `block in call'
  activesupport (4.1.6) lib/active_support/tagged_logging.rb:68:in `block in tagged'
  activesupport (4.1.6) lib/active_support/tagged_logging.rb:26:in `tagged'
  activesupport (4.1.6) lib/active_support/tagged_logging.rb:68:in `tagged'
  railties (4.1.6) lib/rails/rack/logger.rb:20:in `call'
  actionpack (4.1.6) lib/action_dispatch/middleware/request_id.rb:21:in `call'
  rack (1.5.2) lib/rack/methodoverride.rb:21:in `call'
  rack (1.5.2) lib/rack/runtime.rb:17:in `call'
  activesupport (4.1.6) lib/active_support/cache/strategy/local_cache_middleware.rb:26:in `call'
  rack (1.5.2) lib/rack/lock.rb:17:in `call'
  actionpack (4.1.6) lib/action_dispatch/middleware/static.rb:64:in `call'
  rack (1.5.2) lib/rack/sendfile.rb:112:in `call'
  railties (4.1.6) lib/rails/engine.rb:514:in `call'
  railties (4.1.6) lib/rails/application.rb:144:in `call'
  rack (1.5.2) lib/rack/lock.rb:17:in `call'
  rack (1.5.2) lib/rack/content_length.rb:14:in `call'
  rack (1.5.2) lib/rack/handler/webrick.rb:60:in `service'
  /Users/jeffquigley/.rbenv/versions/2.1.2/lib/ruby/2.1.0/webrick/httpserver.rb:138:in `service'
  /Users/jeffquigley/.rbenv/versions/2.1.2/lib/ruby/2.1.0/webrick/httpserver.rb:94:in `run'
  /Users/jeffquigley/.rbenv/versions/2.1.2/lib/ruby/2.1.0/webrick/server.rb:295:in `block in start_thread'


  Rendered /Users/jeffquigley/.rbenv/versions/2.1.2/lib/ruby/gems/2.1.0/gems/actionpack-4.1.6/lib/action_dispatch/middleware/templates/rescues/_trace.html.erb (1.2ms)
  Rendered /Users/jeffquigley/.rbenv/versions/2.1.2/lib/ruby/gems/2.1.0/gems/actionpack-4.1.6/lib/action_dispatch/middleware/templates/routes/_route.html.erb (0.9ms)
  Rendered /Users/jeffquigley/.rbenv/versions/2.1.2/lib/ruby/gems/2.1.0/gems/actionpack-4.1.6/lib/action_dispatch/middleware/templates/routes/_table.html.erb (12.3ms)
  Rendered /Users/jeffquigley/.rbenv/versions/2.1.2/lib/ruby/gems/2.1.0/gems/actionpack-4.1.6/lib/action_dispatch/middleware/templates/rescues/routing_error.html.erb within rescues/layout (39.9ms)


Started GET "/tasks/5" for 127.0.0.1 at 2014-10-08 14:30:54 -0400
Processing by TasksController#show as HTML
  Parameters: {"id"=>"5"}
  [1m[35mTask Load (0.6ms)[0m  SELECT  "tasks".* FROM "tasks"  WHERE "tasks"."id" = $1 LIMIT 1  [["id", 5]]
  Rendered tasks/show.html.erb within layouts/application (0.4ms)
Completed 200 OK in 79ms (Views: 57.3ms | ActiveRecord: 3.4ms)


Started GET "/assets/jquery.js?body=1" for 127.0.0.1 at 2014-10-08 14:30:54 -0400


Started GET "/assets/jquery_ujs.js?body=1" for 127.0.0.1 at 2014-10-08 14:30:54 -0400


Started GET "/assets/turbolinks.js?body=1" for 127.0.0.1 at 2014-10-08 14:30:54 -0400


Started GET "/assets/application.css?body=1" for 127.0.0.1 at 2014-10-08 14:30:54 -0400


Started GET "/assets/application.js?body=1" for 127.0.0.1 at 2014-10-08 14:30:54 -0400


Started GET "/5" for 127.0.0.1 at 2014-10-08 14:31:26 -0400

ActionController::RoutingError (No route matches [GET] "/5"):
  actionpack (4.1.6) lib/action_dispatch/middleware/debug_exceptions.rb:21:in `call'
  actionpack (4.1.6) lib/action_dispatch/middleware/show_exceptions.rb:30:in `call'
  railties (4.1.6) lib/rails/rack/logger.rb:38:in `call_app'
  railties (4.1.6) lib/rails/rack/logger.rb:20:in `block in call'
  activesupport (4.1.6) lib/active_support/tagged_logging.rb:68:in `block in tagged'
  activesupport (4.1.6) lib/active_support/tagged_logging.rb:26:in `tagged'
  activesupport (4.1.6) lib/active_support/tagged_logging.rb:68:in `tagged'
  railties (4.1.6) lib/rails/rack/logger.rb:20:in `call'
  actionpack (4.1.6) lib/action_dispatch/middleware/request_id.rb:21:in `call'
  rack (1.5.2) lib/rack/methodoverride.rb:21:in `call'
  rack (1.5.2) lib/rack/runtime.rb:17:in `call'
  activesupport (4.1.6) lib/active_support/cache/strategy/local_cache_middleware.rb:26:in `call'
  rack (1.5.2) lib/rack/lock.rb:17:in `call'
  actionpack (4.1.6) lib/action_dispatch/middleware/static.rb:64:in `call'
  rack (1.5.2) lib/rack/sendfile.rb:112:in `call'
  railties (4.1.6) lib/rails/engine.rb:514:in `call'
  railties (4.1.6) lib/rails/application.rb:144:in `call'
  rack (1.5.2) lib/rack/lock.rb:17:in `call'
  rack (1.5.2) lib/rack/content_length.rb:14:in `call'
  rack (1.5.2) lib/rack/handler/webrick.rb:60:in `service'
  /Users/jeffquigley/.rbenv/versions/2.1.2/lib/ruby/2.1.0/webrick/httpserver.rb:138:in `service'
  /Users/jeffquigley/.rbenv/versions/2.1.2/lib/ruby/2.1.0/webrick/httpserver.rb:94:in `run'
  /Users/jeffquigley/.rbenv/versions/2.1.2/lib/ruby/2.1.0/webrick/server.rb:295:in `block in start_thread'


  Rendered /Users/jeffquigley/.rbenv/versions/2.1.2/lib/ruby/gems/2.1.0/gems/actionpack-4.1.6/lib/action_dispatch/middleware/templates/rescues/_trace.html.erb (1.0ms)
  Rendered /Users/jeffquigley/.rbenv/versions/2.1.2/lib/ruby/gems/2.1.0/gems/actionpack-4.1.6/lib/action_dispatch/middleware/templates/routes/_route.html.erb (0.8ms)
  Rendered /Users/jeffquigley/.rbenv/versions/2.1.2/lib/ruby/gems/2.1.0/gems/actionpack-4.1.6/lib/action_dispatch/middleware/templates/routes/_table.html.erb (1.0ms)
  Rendered /Users/jeffquigley/.rbenv/versions/2.1.2/lib/ruby/gems/2.1.0/gems/actionpack-4.1.6/lib/action_dispatch/middleware/templates/rescues/routing_error.html.erb within rescues/layout (16.8ms)


Started GET "/tasks/5" for 127.0.0.1 at 2014-10-08 14:31:44 -0400
Processing by TasksController#show as HTML
  Parameters: {"id"=>"5"}
  [1m[36mTask Load (0.5ms)[0m  [1mSELECT  "tasks".* FROM "tasks"  WHERE "tasks"."id" = $1 LIMIT 1[0m  [["id", 5]]
  Rendered tasks/show.html.erb within layouts/application (0.1ms)
Completed 200 OK in 24ms (Views: 22.3ms | ActiveRecord: 0.5ms)


Started GET "/assets/application.css?body=1" for 127.0.0.1 at 2014-10-08 14:31:44 -0400


Started GET "/assets/jquery.js?body=1" for 127.0.0.1 at 2014-10-08 14:31:44 -0400


Started GET "/assets/jquery_ujs.js?body=1" for 127.0.0.1 at 2014-10-08 14:31:44 -0400


Started GET "/assets/turbolinks.js?body=1" for 127.0.0.1 at 2014-10-08 14:31:44 -0400


Started GET "/assets/application.js?body=1" for 127.0.0.1 at 2014-10-08 14:31:44 -0400


Started GET "/tasks/5" for 127.0.0.1 at 2014-10-08 15:07:59 -0400
Processing by TasksController#show as HTML
  Parameters: {"id"=>"5"}
  [1m[35mTask Load (0.4ms)[0m  SELECT  "tasks".* FROM "tasks"  WHERE "tasks"."id" = $1 LIMIT 1  [["id", 5]]
  Rendered tasks/show.html.erb within layouts/application (0.5ms)
Completed 200 OK in 29ms (Views: 20.9ms | ActiveRecord: 2.7ms)


Started GET "/assets/application.css?body=1" for 127.0.0.1 at 2014-10-08 15:07:59 -0400


Started GET "/assets/jquery.js?body=1" for 127.0.0.1 at 2014-10-08 15:07:59 -0400


Started GET "/assets/turbolinks.js?body=1" for 127.0.0.1 at 2014-10-08 15:07:59 -0400


Started GET "/assets/application.js?body=1" for 127.0.0.1 at 2014-10-08 15:07:59 -0400


Started GET "/assets/jquery_ujs.js?body=1" for 127.0.0.1 at 2014-10-08 15:07:59 -0400


Started GET "/tasks/6" for 127.0.0.1 at 2014-10-08 15:08:19 -0400
Processing by TasksController#show as HTML
  Parameters: {"id"=>"6"}
  [1m[36mTask Load (0.4ms)[0m  [1mSELECT  "tasks".* FROM "tasks"  WHERE "tasks"."id" = $1 LIMIT 1[0m  [["id", 6]]
  Rendered tasks/show.html.erb within layouts/application (0.1ms)
Completed 200 OK in 24ms (Views: 22.7ms | ActiveRecord: 0.4ms)


Started GET "/assets/jquery_ujs.js?body=1" for 127.0.0.1 at 2014-10-08 15:08:19 -0400


Started GET "/assets/turbolinks.js?body=1" for 127.0.0.1 at 2014-10-08 15:08:19 -0400


Started GET "/assets/application.js?body=1" for 127.0.0.1 at 2014-10-08 15:08:19 -0400


Started GET "/assets/jquery.js?body=1" for 127.0.0.1 at 2014-10-08 15:08:19 -0400


Started GET "/assets/application.css?body=1" for 127.0.0.1 at 2014-10-08 15:08:19 -0400


Started GET "/tasks/7" for 127.0.0.1 at 2014-10-08 15:08:24 -0400
Processing by TasksController#show as HTML
  Parameters: {"id"=>"7"}
  [1m[35mTask Load (0.4ms)[0m  SELECT  "tasks".* FROM "tasks"  WHERE "tasks"."id" = $1 LIMIT 1  [["id", 7]]
  Rendered tasks/show.html.erb within layouts/application (0.1ms)
Completed 200 OK in 25ms (Views: 23.1ms | ActiveRecord: 0.4ms)


Started GET "/assets/application.css?body=1" for 127.0.0.1 at 2014-10-08 15:08:24 -0400


Started GET "/assets/turbolinks.js?body=1" for 127.0.0.1 at 2014-10-08 15:08:24 -0400


Started GET "/assets/jquery.js?body=1" for 127.0.0.1 at 2014-10-08 15:08:24 -0400


Started GET "/assets/jquery_ujs.js?body=1" for 127.0.0.1 at 2014-10-08 15:08:24 -0400


Started GET "/assets/application.js?body=1" for 127.0.0.1 at 2014-10-08 15:08:24 -0400


Started GET "/tasks/8" for 127.0.0.1 at 2014-10-08 15:08:30 -0400
Processing by TasksController#show as HTML
  Parameters: {"id"=>"8"}
  [1m[36mTask Load (0.4ms)[0m  [1mSELECT  "tasks".* FROM "tasks"  WHERE "tasks"."id" = $1 LIMIT 1[0m  [["id", 8]]
  Rendered tasks/show.html.erb within layouts/application (0.1ms)
Completed 200 OK in 24ms (Views: 22.1ms | ActiveRecord: 0.4ms)


Started GET "/assets/turbolinks.js?body=1" for 127.0.0.1 at 2014-10-08 15:08:30 -0400


Started GET "/assets/application.js?body=1" for 127.0.0.1 at 2014-10-08 15:08:30 -0400


Started GET "/assets/jquery.js?body=1" for 127.0.0.1 at 2014-10-08 15:08:30 -0400


Started GET "/assets/application.css?body=1" for 127.0.0.1 at 2014-10-08 15:08:30 -0400


Started GET "/assets/jquery_ujs.js?body=1" for 127.0.0.1 at 2014-10-08 15:08:30 -0400


Started GET "/tasks/9" for 127.0.0.1 at 2014-10-08 15:08:35 -0400
Processing by TasksController#show as HTML
  Parameters: {"id"=>"9"}
  [1m[35mTask Load (0.4ms)[0m  SELECT  "tasks".* FROM "tasks"  WHERE "tasks"."id" = $1 LIMIT 1  [["id", 9]]
  Rendered tasks/show.html.erb within layouts/application (0.1ms)
Completed 200 OK in 25ms (Views: 22.9ms | ActiveRecord: 0.4ms)


Started GET "/assets/application.css?body=1" for 127.0.0.1 at 2014-10-08 15:08:35 -0400


Started GET "/assets/jquery.js?body=1" for 127.0.0.1 at 2014-10-08 15:08:35 -0400


Started GET "/assets/jquery_ujs.js?body=1" for 127.0.0.1 at 2014-10-08 15:08:35 -0400


Started GET "/assets/turbolinks.js?body=1" for 127.0.0.1 at 2014-10-08 15:08:35 -0400


Started GET "/assets/application.js?body=1" for 127.0.0.1 at 2014-10-08 15:08:35 -0400


Started GET "/tasks/5" for 127.0.0.1 at 2014-10-08 15:08:39 -0400
Processing by TasksController#show as HTML
  Parameters: {"id"=>"5"}
  [1m[36mTask Load (0.4ms)[0m  [1mSELECT  "tasks".* FROM "tasks"  WHERE "tasks"."id" = $1 LIMIT 1[0m  [["id", 5]]
  Rendered tasks/show.html.erb within layouts/application (0.1ms)
Completed 200 OK in 28ms (Views: 26.5ms | ActiveRecord: 0.4ms)


Started GET "/assets/jquery.js?body=1" for 127.0.0.1 at 2014-10-08 15:08:39 -0400


Started GET "/assets/jquery_ujs.js?body=1" for 127.0.0.1 at 2014-10-08 15:08:39 -0400


Started GET "/assets/turbolinks.js?body=1" for 127.0.0.1 at 2014-10-08 15:08:39 -0400


Started GET "/assets/application.css?body=1" for 127.0.0.1 at 2014-10-08 15:08:39 -0400


Started GET "/assets/application.js?body=1" for 127.0.0.1 at 2014-10-08 15:08:39 -0400
